This is pdfeTeX, Version 3.141592-1.20a-rc7.2-2.2 (MiKTeX 2.4) (preloaded format=latex 2005.7.11)  13 JUL 2005 11:27
entering extended mode
**C:/home/wpenny/fil/spm5-manual/auto/fmri_spec.tex
(C:/home/wpenny/fil/spm5-manual/auto/fmri_spec.tex
LaTeX2e <2003/12/01>
Babel <v3.8a> and hyphenation patterns for english, french, german, ngerman, dumylang, nohyphenation, loaded.
(C:\texmf\tex\latex\base\book.cls
Document Class: book 2004/02/16 v1.4f Standard LaTeX document class
(C:\texmf\tex\latex\base\bk10.clo
File: bk10.clo 2004/02/16 v1.4f Standard LaTeX file (size option)
)
\c@part=\count79
\c@chapter=\count80
\c@section=\count81
\c@subsection=\count82
\c@subsubsection=\count83
\c@paragraph=\count84
\c@subparagraph=\count85
\c@figure=\count86
\c@table=\count87
\abovecaptionskip=\skip41
\belowcaptionskip=\skip42
\bibindent=\dimen102
) (C:\texmf\tex\latex\graphics\graphicx.sty
Package: graphicx 1999/02/16 v1.0f Enhanced LaTeX Graphics (DPC,SPQR)
 (C:\texmf\tex\latex\graphics\keyval.sty
Package: keyval 1999/03/16 v1.13 key=value parser (DPC)
\KV@toks@=\toks14
)
(C:\texmf\tex\latex\graphics\graphics.sty
Package: graphics 2001/07/07 v1.0n Standard LaTeX Graphics (DPC,SPQR)
 (C:\texmf\tex\latex\graphics\trig.sty
Package: trig 1999/03/16 v1.09 sin cos tan (DPC)
)
(C:\texmf\tex\latex\00miktex\graphics.cfg
File: graphics.cfg 2003/03/12 v1.1 MiKTeX 'graphics' configuration
)
Package graphics Info: Driver file: pdftex.def on input line 80.
 (C:\texmf\tex\latex\graphics\pdftex.def
File: pdftex.def 2002/06/19 v0.03k graphics/color for pdftex
\Gread@gobject=\count88
))
\Gin@req@height=\dimen103
\Gin@req@width=\dimen104
) (fmri_spec.aux)
LaTeX Font Info:    Checking defaults for OML/cmm/m/it on input line 5.
LaTeX Font Info:    ... okay on input line 5.
LaTeX Font Info:    Checking defaults for T1/cmr/m/n on input line 5.
LaTeX Font Info:    ... okay on input line 5.
LaTeX Font Info:    Checking defaults for OT1/cmr/m/n on input line 5.
LaTeX Font Info:    ... okay on input line 5.
LaTeX Font Info:    Checking defaults for OMS/cmsy/m/n on input line 5.
LaTeX Font Info:    ... okay on input line 5.
LaTeX Font Info:    Checking defaults for OMX/cmex/m/n on input line 5.
LaTeX Font Info:    ... okay on input line 5.
LaTeX Font Info:    Checking defaults for U/cmr/m/n on input line 5.
LaTeX Font Info:    ... okay on input line 5.

(C:\texmf\tex\context\base\supp-pdf.tex (C:\texmf\tex\context\base\supp-mis.tex
loading : Context Support Macros / Miscellaneous 
\protectiondepth=\count89
\scratchcounter=\count90
\scratchtoks=\toks15
\scratchdimen=\dimen105
\scratchskip=\skip43
\scratchmuskip=\muskip10
\scratchbox=\box26
\scratchread=\read1
\scratchwrite=\write3
\zeropoint=\dimen106
\onepoint=\dimen107
\onebasepoint=\dimen108
\minusone=\count91
\thousandpoint=\dimen109
\onerealpoint=\dimen110
\emptytoks=\toks16
\nextbox=\box27
\nextdepth=\dimen111
\everyline=\toks17
\!!counta=\count92
\!!countb=\count93
\recursecounter=\count94
)
loading : Context Support Macros / PDF (2004.03.26)
\nofMPsegments=\count95
\nofMParguments=\count96
\everyMPtoPDFconversion=\toks18
)
Chapter 1.
<fmri_model.jpg, id=1, 490.83376pt x 524.71031pt>
File: fmri_model.jpg Graphic file (type jpg)
 <use fmri_model.jpg>
LaTeX Font Info:    External font `cmex10' loaded for size
(Font)              <7> on input line 25.
LaTeX Font Info:    External font `cmex10' loaded for size
(Font)              <5> on input line 25.
 [1


{sfonts.map}] [2 <fmri_model.jpg>]
<design.jpg, id=24, 506.6428pt x 758.835pt>
File: design.jpg Graphic file (type jpg)
 <use design.jpg> [3] [4] [5 <design.jpg>] [6] [7] [8]
Overfull \hbox (0.85527pt too wide) in paragraph at lines 244--247
[]\OT1/cmr/m/n/10 If you se-lect `None' then SPM com-putes the grand mean value, $\OML/cmm/m/it/10 g[] \OT1/cmr/m/n/10 =
 []$
 []

<reg4.jpg, id=47, 506.6428pt x 758.835pt>
File: reg4.jpg Graphic file (type jpg)
 <use reg4.jpg> (fmri_spec.bbl [9] [10 <reg4.jpg>]) [11

] (fmri_spec.aux)

LaTeX Warning: Label(s) may have changed. Rerun to get cross-references right.

 ) 
Here is how much of TeX's memory you used:
 990 strings out of 95519
 10997 string characters out of 1189651
 60866 words of memory out of 1060546
 4089 multiletter control sequences out of 35000
 7069 words of font info for 25 fonts, out of 500000 for 1000
 14 hyphenation exceptions out of 607
 25i,5n,19p,907b,207s stack positions out of 1500i,500n,5000p,200000b,32768s
 68 PDF objects out of 300000
 0 named destinations out of 300000
 16 words of extra memory for PDF output out of 65536
<C:\texmf\fonts\type1\bluesky\cm\cmr5.pfb><C:\texmf\fonts\type1\bluesky\cm\cmmi5.pfb><C:\texmf\fonts\type1\bluesky\cm\
cmex10.pfb><C:\texmf\fonts\type1\bluesky\cm\cmmi7.pfb><C:\texmf\fonts\type1\bluesky\cm\cmbx10.pfb><C:\texmf\fonts\type1\
bluesky\cm\cmmi10.pfb><C:\texmf\fonts\type1\bluesky\cm\cmti10.pfb><C:\texmf\fonts\type1\bluesky\cm\cmsl10.pfb><C:\texmf\
fonts\type1\bluesky\cm\cmr10.pfb><C:\texmf\fonts\type1\bluesky\cm\cmbx12.pfb>
Output written on fmri_spec.pdf (11 pages, 461584 bytes).
