This is pdfeTeX, Version 3.141592-1.20a-rc7.2-2.2 (MiKTeX 2.4) (preloaded format=latex 2005.7.11)  14 SEP 2005 17:06
entering extended mode
**C:/home/wpenny/spm5/man/faces/face.tex
(C:/home/wpenny/spm5/man/faces/face.tex
LaTeX2e <2003/12/01>
Babel <v3.8a> and hyphenation patterns for english, french, german, ngerman, dumylang, nohyphenation, loaded.
(C:\texmf\tex\latex\base\book.cls
Document Class: book 2004/02/16 v1.4f Standard LaTeX document class
(C:\texmf\tex\latex\base\bk10.clo
File: bk10.clo 2004/02/16 v1.4f Standard LaTeX file (size option)
)
\c@part=\count79
\c@chapter=\count80
\c@section=\count81
\c@subsection=\count82
\c@subsubsection=\count83
\c@paragraph=\count84
\c@subparagraph=\count85
\c@figure=\count86
\c@table=\count87
\abovecaptionskip=\skip41
\belowcaptionskip=\skip42
\bibindent=\dimen102
) (C:\texmf\tex\latex\graphics\graphicx.sty
Package: graphicx 1999/02/16 v1.0f Enhanced LaTeX Graphics (DPC,SPQR)
 (C:\texmf\tex\latex\graphics\keyval.sty
Package: keyval 1999/03/16 v1.13 key=value parser (DPC)
\KV@toks@=\toks14
)
(C:\texmf\tex\latex\graphics\graphics.sty
Package: graphics 2001/07/07 v1.0n Standard LaTeX Graphics (DPC,SPQR)
 (C:\texmf\tex\latex\graphics\trig.sty
Package: trig 1999/03/16 v1.09 sin cos tan (DPC)
)
(C:\texmf\tex\latex\00miktex\graphics.cfg
File: graphics.cfg 2003/03/12 v1.1 MiKTeX 'graphics' configuration
)
Package graphics Info: Driver file: pdftex.def on input line 80.
 (C:\texmf\tex\latex\graphics\pdftex.def
File: pdftex.def 2002/06/19 v0.03k graphics/color for pdftex
\Gread@gobject=\count88
))
\Gin@req@height=\dimen103
\Gin@req@width=\dimen104
) (face.aux)
LaTeX Font Info:    Checking defaults for OML/cmm/m/it on input line 8.
LaTeX Font Info:    ... okay on input line 8.
LaTeX Font Info:    Checking defaults for T1/cmr/m/n on input line 8.
LaTeX Font Info:    ... okay on input line 8.
LaTeX Font Info:    Checking defaults for OT1/cmr/m/n on input line 8.
LaTeX Font Info:    ... okay on input line 8.
LaTeX Font Info:    Checking defaults for OMS/cmsy/m/n on input line 8.
LaTeX Font Info:    ... okay on input line 8.
LaTeX Font Info:    Checking defaults for OMX/cmex/m/n on input line 8.
LaTeX Font Info:    ... okay on input line 8.
LaTeX Font Info:    Checking defaults for U/cmr/m/n on input line 8.
LaTeX Font Info:    ... okay on input line 8.

(C:\texmf\tex\context\base\supp-pdf.tex (C:\texmf\tex\context\base\supp-mis.tex
loading : Context Support Macros / Miscellaneous 
\protectiondepth=\count89
\scratchcounter=\count90
\scratchtoks=\toks15
\scratchdimen=\dimen105
\scratchskip=\skip43
\scratchmuskip=\muskip10
\scratchbox=\box26
\scratchread=\read1
\scratchwrite=\write3
\zeropoint=\dimen106
\onepoint=\dimen107
\onebasepoint=\dimen108
\minusone=\count91
\thousandpoint=\dimen109
\onerealpoint=\dimen110
\emptytoks=\toks16
\nextbox=\box27
\nextdepth=\dimen111
\everyline=\toks17
\!!counta=\count92
\!!countb=\count93
\recursecounter=\count94
)
loading : Context Support Macros / PDF (2004.03.26)
\nofMPsegments=\count95
\nofMParguments=\count96
\everyMPtoPDFconversion=\toks18
)
Chapter 1.
<face_stim.jpg, id=1, 363.3575pt x 197.73875pt>
File: face_stim.jpg Graphic file (type jpg)
 <use face_stim.jpg> <face_timing.jpg, id=2, 302.12875pt x 265.99374pt>
File: face_timing.jpg Graphic file (type jpg)

<use face_timing.jpg>
LaTeX Font Info:    External font `cmex10' loaded for size
(Font)              <7> on input line 30.
LaTeX Font Info:    External font `cmex10' loaded for size
(Font)              <5> on input line 30.

Overfull \hbox (4.2117pt too wide) in paragraph at lines 29--36
\OT1/cmr/m/n/10 3mmx3mmx4.5mm vox-els. A stru-cural im-age is also pro-vided []\OT1/cmtt/m/n/10 sM03953_0007.img
 []

<command.jpg, id=3, 338.76563pt x 392.96812pt>
File: command.jpg Graphic file (type jpg)
 <use command.jpg> <dropout.jpg, id=4, 506.6428pt x 762.59906pt>
File: dropout.jpg Graphic file (type jpg)

<use dropout.jpg>
Underfull \vbox (badness 10000) has occurred while \output is active []

 [1


{sfonts.map}]
LaTeX Font Info:    Try loading font information for OMS+cmr on input line 92.
 (C:\texmf\tex\latex\base\omscmr.fd
File: omscmr.fd 1999/05/25 v2.5h Standard LaTeX font definitions
)
LaTeX Font Info:    Font shape `OMS/cmr/m/n' in size <10> not available
(Font)              Font shape `OMS/cmsy/m/n' tried instead on input line 92.
[2 <face_stim.jpg>] [3 <face_timing.jpg>] [4 <command.jpg>] [5 <dropout.jpg>]
<realign.jpg, id=48, 506.6428pt x 762.59906pt>
File: realign.jpg Graphic file (type jpg)
 <use realign.jpg>
Overfull \hbox (46.32385pt too wide) in paragraph at lines 149--151
[]\OT1/cmr/m/n/10 Highlight `Source Im-age' and then se-lect the struc-tural im-age eg. []\OT1/cmtt/m/n/10 sM03953_0007.
img\OT1/cmr/m/n/10 . 
 []

<coreg.jpg, id=49, 506.6428pt x 762.59906pt>
File: coreg.jpg Graphic file (type jpg)
 <use coreg.jpg> [6] [7 <realign.jpg>]
<gray.jpg, id=57, 506.6428pt x 762.59906pt>
File: gray.jpg Graphic file (type jpg)
 <use gray.jpg>
Overfull \hbox (43.86052pt too wide) in paragraph at lines 204--207
[]\OT1/cmr/m/n/10 Open `Sub-ject', high-light `Pa-ra-me-ter File' and se-lect the []\OT1/cmtt/m/n/10 sM03952_0007_seg_sn
.mat
 []

LaTeX Font Info:    External font `cmex10' loaded for size
(Font)              <8> on input line 212.
LaTeX Font Info:    External font `cmex10' loaded for size
(Font)              <6> on input line 212.
[8] [9 <coreg.jpg>] [10 <gray.jpg>]
Overfull \hbox (60.29599pt too wide) in paragraph at lines 229--231
[]\OT1/cmr/m/n/10 Highlight `Im-ages to Write', se-lect the bias-corrected struc-tural eg. []\OT1/cmtt/m/n/10 msM03952_0
007.img\OT1/cmr/m/n/10 ,
 []

<smooth.jpg, id=73, 506.6428pt x 762.59906pt>
File: smooth.jpg Graphic file (type jpg)
 <use smooth.jpg> [11] [12 <smooth.jpg>]
Overfull \hbox (5.1667pt too wide) in paragraph at lines 282--285
\OT1/cmr/m/n/10 nor-malised, slice-time cor-rected, re-aligned func-tional im-ages ie []\OT1/cmtt/m/n/10 swarsM.img\OT1/
cmr/m/n/10 .
 []

[13] <cat_design.jpg, id=87, 506.6428pt x 762.59906pt>
File: cat_design.jpg Graphic file (type jpg)
 <use cat_design.jpg>
<cat_explore.jpg, id=88, 506.6428pt x 762.59906pt>
File: cat_explore.jpg Graphic file (type jpg)
 <use cat_explore.jpg>
! Extra }, or forgotten \endgroup.
l.334 ...f 128s or 0.008Hz).} \label{cat_explore}}
                                                  
I've deleted a group-closing symbol because it seems to be
spurious, as in `$x}$'. But perhaps the } is legitimate and
you forgot something else, as in `\hbox{$x}'. In such cases
the way to recover is to insert both the forgotten and the
deleted material, e.g., by typing `I$}'.

[14] [15 <cat_design.jpg>] [16 <cat_explore.jpg>] <cat_contrasts.jpg, id=98, 423.08063pt x 358.33875pt>
File: cat_contrasts.jpg Graphic file (type jpg)

<use cat_contrasts.jpg>
Overfull \hbox (32.71188pt too wide) in paragraph at lines 365--369
[]\OT1/cmr/m/n/10 Select con-trast num-ber 5. This is a t-contrast []\OT1/cmtt/m/n/10 Positive effect of condition_1
 []

[17 <cat_contrasts.jpg>]
LaTeX Font Info:    Font shape `OMS/cmr/m/it' in size <10> not available
(Font)              Font shape `OMS/cmsy/m/n' tried instead on input line 377.
 <cat5_volume.jpg, id=102, 506.6428pt x 762.59906pt>
File: cat5_volume.jpg Graphic file (type jpg)
 <use cat5_volume.jpg> [18] [19 <cat5_volume.jpg>] <cat1_contrast.jpg, id=110, 423.08063pt x 358.33875pt>
File: cat1_contrast.jpg Graphic file (type jpg)
 <use cat1_contrast.jpg>
<cat1_volume.jpg, id=111, 506.6428pt x 762.59906pt>
File: cat1_volume.jpg Graphic file (type jpg)
 <use cat1_volume.jpg> [20 <cat1_contrast.jpg>] [21 <cat1_volume.jpg>] <cat_all_contrast.jpg, id=118, 423.08063pt x 358.
33875pt>
File: cat_all_contrast.jpg Graphic file (type jpg)
 <use cat_all_contrast.jpg>
<cat_all_volume.jpg, id=119, 506.6428pt x 762.59906pt>
File: cat_all_volume.jpg Graphic file (type jpg)
 <use cat_all_volume.jpg>
<con_all_plot.jpg, id=120, 469.755pt x 331.99031pt>
File: con_all_plot.jpg Graphic file (type jpg)
 <use con_all_plot.jpg> [22 <cat_all_contrast.jpg>] [23 <cat_all_volume.jpg>] [24 <con_all_plot.jpg>] <rotations.jpg, id
=130, 506.6428pt x 762.59906pt>
File: rotations.jpg Graphic file (type jpg)
 <use rotations.jpg>
<par_design.jpg, id=131, 506.6428pt x 762.59906pt>
File: par_design.jpg Graphic file (type jpg)
 <use par_design.jpg> [25] [26 <rotations.jpg>] [27 <par_design.jpg>]
[28] <famous_lag_mip.jpg, id=145, 506.6428pt x 762.59906pt>
File: famous_lag_mip.jpg Graphic file (type jpg)
 <use famous_lag_mip.jpg>
<famous_lag.jpg, id=146, 473.51906pt x 284.56313pt>
File: famous_lag.jpg Graphic file (type jpg)
 <use famous_lag.jpg>
Overfull \hbox (81.79134pt too wide) in paragraph at lines 628--629
 [] 
 []

[29] [30 <famous_lag_mip.jpg>] [31 <famous_lag.jpg>] <face_ar1.jpg, id=157, 506.6428pt x 762.59906pt>
File: face_ar1.jpg Graphic file (type jpg)

<use face_ar1.jpg>

LaTeX Warning: Reference `face_ar1' on page 32 undefined on input line 679.


Overfull \hbox (7.4156pt too wide) in paragraph at lines 690--691
[]\OT1/cmr/m/n/10 Select con-trast num-ber 1: []\OT1/cmtt/m/n/10 Positive effect of condition_1\OT1/cmr/m/n/10 , type `D
one'. 
 []

[32] [33 <face_ar1.jpg>] <face_bayes.jpg, id=167, 506.6428pt x 762.59906pt>
File: face_bayes.jpg Graphic file (type jpg)
 <use face_bayes.jpg> [34] [35 <face_bayes.jpg>] (face.aux)

LaTeX Warning: There were undefined references.


LaTeX Warning: Label(s) may have changed. Rerun to get cross-references right.

 ) 
Here is how much of TeX's memory you used:
 1238 strings out of 95519
 13965 string characters out of 1189651
 61071 words of memory out of 1060751
 4208 multiletter control sequences out of 35000
 9366 words of font info for 33 fonts, out of 500000 for 1000
 14 hyphenation exceptions out of 607
 25i,8n,19p,936b,252s stack positions out of 1500i,500n,5000p,200000b,32768s
 173 PDF objects out of 300000
 0 named destinations out of 300000
 116 words of extra memory for PDF output out of 65536
<C:\texmf\fonts\type1\bluesky\cm\cmbx10.pfb><C:\texmf\fonts\type1\bluesky\cm\cmss8.pfb><C:\texmf\fonts\type1\bluesky\c
m\cmr8.pfb><C:\texmf\fonts\type1\bluesky\cm\cmr6.pfb><C:\texmf\fonts\type1\bluesky\cm\cmss10.pfb><C:\texmf\fonts\type1\b
luesky\cm\cmsy10.pfb><C:\texmf\fonts\type1\bluesky\cm\cmsl10.pfb><C:\texmf\fonts\type1\bluesky\cm\cmti10.pfb><C:\texmf\f
onts\type1\bluesky\cm\cmtt10.pfb><C:\texmf\fonts\type1\bluesky\cm\cmr7.pfb><C:\texmf\fonts\type1\bluesky\cm\cmmi10.pfb><
C:\texmf\fonts\type1\bluesky\cm\cmr10.pfb><C:\texmf\fonts\type1\bluesky\cm\cmbx12.pfb>
Output written on face.pdf (35 pages, 2882181 bytes).
