This is pdfeTeX, Version 3.141592-1.20a-rc7.2-2.2 (MiKTeX 2.4) (preloaded format=latex 2005.7.11)  16 SEP 2005 15:45
entering extended mode
**C:/home/wpenny/spm5/man/auditory/auditory2.tex
(C:/home/wpenny/spm5/man/auditory/auditory2.tex
LaTeX2e <2003/12/01>
Babel <v3.8a> and hyphenation patterns for english, french, german, ngerman, dumylang, nohyphenation, loaded.
(C:\texmf\tex\latex\base\book.cls
Document Class: book 2004/02/16 v1.4f Standard LaTeX document class
(C:\texmf\tex\latex\base\bk10.clo
File: bk10.clo 2004/02/16 v1.4f Standard LaTeX file (size option)
)
\c@part=\count79
\c@chapter=\count80
\c@section=\count81
\c@subsection=\count82
\c@subsubsection=\count83
\c@paragraph=\count84
\c@subparagraph=\count85
\c@figure=\count86
\c@table=\count87
\abovecaptionskip=\skip41
\belowcaptionskip=\skip42
\bibindent=\dimen102
) (C:\texmf\tex\latex\graphics\graphicx.sty
Package: graphicx 1999/02/16 v1.0f Enhanced LaTeX Graphics (DPC,SPQR)
 (C:\texmf\tex\latex\graphics\keyval.sty
Package: keyval 1999/03/16 v1.13 key=value parser (DPC)
\KV@toks@=\toks14
)
(C:\texmf\tex\latex\graphics\graphics.sty
Package: graphics 2001/07/07 v1.0n Standard LaTeX Graphics (DPC,SPQR)
 (C:\texmf\tex\latex\graphics\trig.sty
Package: trig 1999/03/16 v1.09 sin cos tan (DPC)
)
(C:\texmf\tex\latex\00miktex\graphics.cfg
File: graphics.cfg 2003/03/12 v1.1 MiKTeX 'graphics' configuration
)
Package graphics Info: Driver file: pdftex.def on input line 80.
 (C:\texmf\tex\latex\graphics\pdftex.def
File: pdftex.def 2002/06/19 v0.03k graphics/color for pdftex
\Gread@gobject=\count88
))
\Gin@req@height=\dimen103
\Gin@req@width=\dimen104
) (auditory2.aux)
LaTeX Font Info:    Checking defaults for OML/cmm/m/it on input line 8.
LaTeX Font Info:    ... okay on input line 8.
LaTeX Font Info:    Checking defaults for T1/cmr/m/n on input line 8.
LaTeX Font Info:    ... okay on input line 8.
LaTeX Font Info:    Checking defaults for OT1/cmr/m/n on input line 8.
LaTeX Font Info:    ... okay on input line 8.
LaTeX Font Info:    Checking defaults for OMS/cmsy/m/n on input line 8.
LaTeX Font Info:    ... okay on input line 8.
LaTeX Font Info:    Checking defaults for OMX/cmex/m/n on input line 8.
LaTeX Font Info:    ... okay on input line 8.
LaTeX Font Info:    Checking defaults for U/cmr/m/n on input line 8.
LaTeX Font Info:    ... okay on input line 8.

(C:\texmf\tex\context\base\supp-pdf.tex (C:\texmf\tex\context\base\supp-mis.tex
loading : Context Support Macros / Miscellaneous 
\protectiondepth=\count89
\scratchcounter=\count90
\scratchtoks=\toks15
\scratchdimen=\dimen105
\scratchskip=\skip43
\scratchmuskip=\muskip10
\scratchbox=\box26
\scratchread=\read1
\scratchwrite=\write3
\zeropoint=\dimen106
\onepoint=\dimen107
\onebasepoint=\dimen108
\minusone=\count91
\thousandpoint=\dimen109
\onerealpoint=\dimen110
\emptytoks=\toks16
\nextbox=\box27
\nextdepth=\dimen111
\everyline=\toks17
\!!counta=\count92
\!!countb=\count93
\recursecounter=\count94
)
loading : Context Support Macros / PDF (2004.03.26)
\nofMPsegments=\count95
\nofMParguments=\count96
\everyMPtoPDFconversion=\toks18
)
Chapter 1.

Overfull \hbox (41.16632pt too wide) in paragraph at lines 18--27
\OT1/cmr/m/n/10 Analyse for-mat and are avail-able from the SPM site \OT1/cmss/m/n/10 http://www.fil.ion.ucl.ac.uk/spm/d
ata\OT1/cmr/m/n/10 .
 []

<command.jpg, id=1, 338.76563pt x 392.96812pt>
File: command.jpg Graphic file (type jpg)
 <use command.jpg> [1


{sfonts.map}] [2 <command.jpg>]
LaTeX Font Info:    Try loading font information for OMS+cmr on input line 59.

(C:\texmf\tex\latex\base\omscmr.fd
File: omscmr.fd 1999/05/25 v2.5h Standard LaTeX font definitions
)
LaTeX Font Info:    Font shape `OMS/cmr/m/n' in size <10> not available
(Font)              Font shape `OMS/cmsy/m/n' tried instead on input line 59.
 <realign.jpg, id=27, 506.6428pt x 762.59906pt>
File: realign.jpg Graphic file (type jpg)
 <use realign.jpg>
Overfull \hbox (41.0739pt too wide) in paragraph at lines 94--96
[]\OT1/cmr/m/n/10 Highlight `Source Im-age' and then se-lect the struc-tural im-age eg. []\OT1/cmtt/m/n/10 sM00223_002.i
mg\OT1/cmr/m/n/10 . 
 []

<coreg.jpg, id=28, 506.6428pt x 762.59906pt>
File: coreg.jpg Graphic file (type jpg)
 <use coreg.jpg> <checkreg.jpg, id=29, 506.6428pt x 762.59906pt>
File: checkreg.jpg Graphic file (type jpg)

<use checkreg.jpg> [3] [4 <realign.jpg>] [5 <coreg.jpg>] [6 <checkreg.jpg>] <gray.jpg, id=45, 506.6428pt x 762.59906pt>
File: gray.jpg Graphic file (type jpg)

<use gray.jpg> <bias.jpg, id=46, 506.6428pt x 762.59906pt>
File: bias.jpg Graphic file (type jpg)
 <use bias.jpg>
Overfull \hbox (43.86052pt too wide) in paragraph at lines 181--184
[]\OT1/cmr/m/n/10 Open `Sub-ject', high-light `Pa-ra-me-ter File' and se-lect the []\OT1/cmtt/m/n/10 sM00223_0020_seg_sn
.mat
 []

LaTeX Font Info:    External font `cmex10' loaded for size
(Font)              <7> on input line 185.
LaTeX Font Info:    External font `cmex10' loaded for size
(Font)              <5> on input line 185.
LaTeX Font Info:    External font `cmex10' loaded for size
(Font)              <8> on input line 189.
LaTeX Font Info:    External font `cmex10' loaded for size
(Font)              <6> on input line 189.
[7] [8 <gray.jpg>] [9 <bias.jpg>]
Overfull \hbox (55.04604pt too wide) in paragraph at lines 206--208
[]\OT1/cmr/m/n/10 Highlight `Im-ages to Write', se-lect the bias-corrected struc-tural eg. []\OT1/cmtt/m/n/10 msM00223_0
02.img\OT1/cmr/m/n/10 ,
 []

<smooth.jpg, id=69, 506.6428pt x 762.59906pt>
File: smooth.jpg Graphic file (type jpg)
 <use smooth.jpg>
Overfull \hbox (6.4897pt too wide) in paragraph at lines 251--254
\OT1/cmr/m/n/10 nor-malised func-tional im-ages ie []\OT1/cmtt/m/n/10 swrfM00223_016.img - *_099.img\OT1/cmr/m/n/10 . Th
ese
 []

[10] [11 <smooth.jpg>] <design.jpg, id=76, 506.6428pt x 762.59906pt>
File: design.jpg Graphic file (type jpg)
 <use design.jpg>
<explore.jpg, id=77, 506.6428pt x 758.835pt>
File: explore.jpg Graphic file (type jpg)
 <use explore.jpg> <aud_orth.jpg, id=78, 506.6428pt x 762.59906pt>
File: aud_orth.jpg Graphic file (type jpg)

<use aud_orth.jpg> [12 <design.jpg>] [13 <explore.jpg>] <con_man.jpg, id=86, 411.78844pt x 338.76563pt>
File: con_man.jpg Graphic file (type jpg)

<use con_man.jpg> <con_man2.jpg, id=87, 411.03563pt x 341.77687pt>
File: con_man2.jpg Graphic file (type jpg)
 <use con_man2.jpg>
<con_man3.jpg, id=88, 413.29407pt x 339.51843pt>
File: con_man3.jpg Graphic file (type jpg)
 <use con_man3.jpg> [14] [15 <aud_orth.jpg>] [16 <con_man.jpg> <con_man2.jpg> <con_man3.jpg>]
LaTeX Font Info:    Font shape `OMS/cmr/m/it' in size <10> not available
(Font)              Font shape `OMS/cmsy/m/n' tried instead on input line 395.
 [17] <spm1.jpg, id=104, 505.89pt x 405.76593pt>
File: spm1.jpg Graphic file (type jpg)
 <use spm1.jpg>
Missing character: There is no … in font cmr10!

<interactive.jpg, id=105, 338.76563pt x 369.63094pt>
File: interactive.jpg Graphic file (type jpg)
 <use interactive.jpg> [18 <spm1.jpg>] [19 <interactive.jpg>]
<volume.jpg, id=113, 520.94624pt x 471.26062pt>
File: volume.jpg Graphic file (type jpg)
 <use volume.jpg> [20 <volume.jpg>]
<contrast.jpg, id=117, 502.87875pt x 389.95688pt>
File: contrast.jpg Graphic file (type jpg)
 <use contrast.jpg> <fitted.jpg, id=118, 502.87875pt x 381.67593pt>
File: fitted.jpg Graphic file (type jpg)

<use fitted.jpg> [21] [22 <contrast.jpg> <fitted.jpg>] <slices.jpg, id=125, 502.12593pt x 283.0575pt>
File: slices.jpg Graphic file (type jpg)
 <use slices.jpg>
<sections.jpg, id=126, 489.32813pt x 356.0803pt>
File: sections.jpg Graphic file (type jpg)
 <use sections.jpg>
Overfull \hbox (65.2766pt too wide) in paragraph at lines 541--544
[]\OT1/cmr/m/n/10 Selecting the gray and white mat-ter im-ages []\OT1/cmtt/m/n/10 c1sM00223_002.img \OT1/cmr/m/n/10 and 
[]\OT1/cmtt/m/n/10 c2sM00223_002.img
 []

[23 <slices.jpg>]
Overfull \hbox (35.82214pt too wide) in paragraph at lines 546--549
[]\OT1/cmtt/m/n/10 render_c1sM00223_002.img\OT1/cmr/m/n/10 . The sur-face im-age is saved as []\OT1/cmtt/m/n/10 surf_c1s
M00223_002.img\OT1/cmr/m/n/10 ). 
 []

<render.jpg, id=130, 502.12593pt x 362.10281pt>
File: render.jpg Graphic file (type jpg)
 <use render.jpg> [24 <sections.jpg>] [25 <render.jpg>]
Overfull \hbox (32.33238pt too wide) in paragraph at lines 600--602
[]\OT1/cmr/m/n/10 Images of es-ti-mated re-gres-sion co-ef-fi-cients []\OT1/cmtt/m/n/10 Cbeta_0001.img \OT1/cmr/m/n/10 a
nd []\OT1/cmtt/m/n/10 Cbeta_0002.img\OT1/cmr/m/n/10 .
 []

<aud_bayes.jpg, id=138, 506.6428pt x 762.59906pt>
File: aud_bayes.jpg Graphic file (type jpg)
 <use aud_bayes.jpg> [26] [27 <aud_bayes.jpg>]
<aud_bayes2.jpg, id=148, 506.6428pt x 762.59906pt>
File: aud_bayes2.jpg Graphic file (type jpg)
 <use aud_bayes2.jpg> [28] [29 <aud_bayes2.jpg>] (auditory2.aux) ) 
Here is how much of TeX's memory you used:
 1232 strings out of 95519
 13472 string characters out of 1189651
 61035 words of memory out of 1060715
 4203 multiletter control sequences out of 35000
 9066 words of font info for 32 fonts, out of 500000 for 1000
 14 hyphenation exceptions out of 607
 25i,8n,19p,771b,252s stack positions out of 1500i,500n,5000p,200000b,32768s
 160 PDF objects out of 300000
 0 named destinations out of 300000
 116 words of extra memory for PDF output out of 65536
<C:\texmf\fonts\type1\bluesky\cm\cmmi8.pfb><C:\texmf\f
onts\type1\bluesky\cm\cmsy8.pfb><C:\texmf\fonts\type1\bluesky\cm\cmbx10.pfb><C:\texmf\fonts\type1\bluesky\cm\cmmi7.pfb><
C:\texmf\fonts\type1\bluesky\cm\cmr8.pfb><C:\texmf\fonts\type1\bluesky\cm\cmr6.pfb><C:\texmf\fonts\type1\bluesky\cm\cmr7
.pfb><C:\texmf\fonts\type1\bluesky\cm\cmmi10.pfb><C:\texmf\fonts\type1\bluesky\cm\cmsy10.pfb><C:\texmf\fonts\type1\blues
ky\cm\cmsl10.pfb><C:\texmf\fonts\type1\bluesky\cm\cmti10.pfb><C:\texmf\fonts\type1\bluesky\cm\cmss10.pfb><C:\texmf\fonts
\type1\bluesky\cm\cmtt10.pfb><C:\texmf\fonts\type1\bluesky\cm\cmr10.pfb><C:\texmf\fonts\type1\bluesky\cm\cmbx12.pfb>
Output written on auditory2.pdf (29 pages, 2054014 bytes).
